{
  "stats": {
    "suites": 1,
    "tests": 1,
    "passes": 0,
    "pending": 0,
    "failures": 1,
    "start": "2023-07-20T22:28:43.041Z",
    "end": "2023-07-20T22:28:49.540Z",
    "duration": 6499,
    "testsRegistered": 1,
    "passPercent": 0,
    "pendingPercent": 0,
    "other": 0,
    "hasOther": false,
    "skipped": 0,
    "hasSkipped": false
  },
  "results": [
    {
      "uuid": "37f6708b-4815-490a-b0f4-f485284b8365",
      "title": "",
      "fullFile": "C:\\Users\\Jonathan C\\Documents\\Automatizacion\\selenium\\test\\anuncios.js",
      "file": "\\test\\anuncios.js",
      "beforeHooks": [],
      "afterHooks": [],
      "tests": [],
      "suites": [
        {
          "uuid": "f8eda2e3-06e0-45a1-a0a1-62c291e8bb07",
          "title": "anuncios",
          "fullFile": "C:\\Users\\Jonathan C\\Documents\\Automatizacion\\selenium\\test\\anuncios.js",
          "file": "\\test\\anuncios.js",
          "beforeHooks": [],
          "afterHooks": [],
          "tests": [
            {
              "title": "successfull",
              "fullTitle": "anuncios successfull",
              "timedOut": false,
              "duration": 6491,
              "state": "failed",
              "speed": null,
              "pass": false,
              "fail": true,
              "pending": false,
              "context": null,
              "code": "let driver = await new Builder().forBrowser(\"chrome\").build()\n//navigate\nawait driver.get(\"https://gestion.apuestatotal.com/\")\nawait driver.findElement(By.id(\"username\")).sendKeys(\"jesus.cervantes\")\nawait driver.findElement(By.id(\"password\")).sendKeys(\"Kurax2023$$\", Key.RETURN)\n       \nawait driver.get(\"https://gestion.apuestatotal.com/?sec_id=anuncios&sub_sec_id=anuncios\")\nawait driver.findElement(By.id(\"anuncios_dia_4\")).click() \nawait driver.findElement(By.id(\"anuncios_texto\")).sendKeys(\"Lorem Ipsum @@**I=VR\"); \n\n//fechas\nlet fromDateBox = driver.findElement(By.id(\"anuncios_fecha_desde\"));\nawait driver.executeScript('arguments[0].removeAttribute(\\\"readonly\\\")', fromDateBox);    \nawait fromDateBox.clear();\nawait fromDateBox.sendKeys(\"26-06-2023\")\n//hasta\nlet ToDateBox = driver.findElement(By.id(\"anuncios_fecha_hasta\"));\nawait driver.executeScript('arguments[0].removeAttribute(\\\"readonly\\\")', ToDateBox);    \nawait ToDateBox.clear();\nawait ToDateBox.sendKeys(\"26-06-2023\");\n//select element type\nconst selectElement = await driver.findElement(By.id('anuncios_tipo_archivo'))\nconst select = new Select(selectElement)\nawait select.selectByIndex(0)\nawait driver.findElement(By.id('anuncios_check_image_multiple')).click()\nawait driver.findElement(By.id('btn_buscar_anuncio_imagen')).click()\n//IWebElement elemen await driver.findElement(By.id('btn_buscar_anuncio_imagen'))t =\n//await audioAdd.sendKeys(\"firm.png\")\n\nawait driver.findElement(By.id('anuncios_tiempo_anuncio')).sendKeys('01')\n//horass\nawait driver.findElement(By.id('anuncios_horario_desde')).sendKeys('0935')\nawait driver.findElement(By.id('anuncios_horario_hasta')).sendKeys('0937')\n//select grupo anunicios\nconst selectElement2 = await driver.findElement(By.id('anuncios_grupo_select_filtro'))\nconst select2 = new Select(selectElement2)\nawait select2.selectByVisibleText('at-sistemas')\nconst mainWindowHandle = await driver.getWindowHandle(); // Obtener el identificador de la ventana principal\n \n// Realizar una acción que provoque la aparición del modal o ventana emergente\n      // await driver.findElement(By.xpath(\"//button[@type='submit']\")).click();\n\n// Esperar a que aparezca el modal o ventana emergente\nawait driver.wait(async function () { \n  const allWindowHandles = await driver.getAllWindowHandles(); // Obtener todos los identificadores de ventana\n  return allWindowHandles.length > 1; // Comprobar si se abrió una nueva ventana\n}, 5000, 'El modal o ventana emergente se ha abierto');\n\nconst allWindowHandles = await driver.getAllWindowHandles(); // Obtener todos los identificadores de ventana\n\n// Cambiar al identificador de ventana del modal o ventana emergente\nconst modalWindowHandle = allWindowHandles.find(handle => handle !== mainWindowHandle);\nawait driver.switchTo().window(modalWindowHandle);\n\n// Realizar las comprobaciones necesarias en el modal o ventana emergente\nconst modalTitleElement = await driver.findElement(By.css('.modal-title'));\nconst modalTitle = await modalTitleElement.getText();\n// assert.equal(modalTitle, 'Título del Modal'); // Verificar el título del modal\n\n// Cerrar el modal o ventana emergente y volver a la ventana principal\n// await driver.close();\nawait driver.switchTo().window(mainWindowHandle);",
              "err": {
                "message": "NoSuchElementError: no such element: Unable to locate element: {\"method\":\"css selector\",\"selector\":\"*[id=\"anuncios_dia_4\"]\"}\n  (Session info: chrome=114.0.5735.201)",
                "estack": "NoSuchElementError: no such element: Unable to locate element: {\"method\":\"css selector\",\"selector\":\"*[id=\"anuncios_dia_4\"]\"}\n  (Session info: chrome=114.0.5735.201)\n    at Object.throwDecodedError (node_modules\\selenium-webdriver\\lib\\error.js:524:15)\n    at parseHttpResponse (node_modules\\selenium-webdriver\\lib\\http.js:601:13)\n    at Executor.execute (node_modules\\selenium-webdriver\\lib\\http.js:529:28)\n    at process.processTicksAndRejections (node:internal/process/task_queues:95:5)\n    at async Driver.execute (node_modules\\selenium-webdriver\\lib\\webdriver.js:745:17)\n    at async toWireValue (node_modules\\selenium-webdriver\\lib\\webdriver.js:145:15)\n    at async C:\\Users\\Jonathan C\\Documents\\Automatizacion\\selenium\\node_modules\\selenium-webdriver\\lib\\webdriver.js:195:16\n    at async forEachKey (node_modules\\selenium-webdriver\\lib\\webdriver.js:189:9)\n    at async convertKeys (node_modules\\selenium-webdriver\\lib\\webdriver.js:194:3)\n    at async Driver.execute (node_modules\\selenium-webdriver\\lib\\webdriver.js:743:22)\n    at async Context.<anonymous> (test\\anuncios.js:31:9)",
                "diff": null
              },
              "uuid": "b438e86c-0bd3-477c-975d-7901291e7d09",
              "parentUUID": "f8eda2e3-06e0-45a1-a0a1-62c291e8bb07",
              "isHook": false,
              "skipped": false
            }
          ],
          "suites": [],
          "passes": [],
          "failures": [
            "b438e86c-0bd3-477c-975d-7901291e7d09"
          ],
          "pending": [],
          "skipped": [],
          "duration": 6491,
          "root": false,
          "rootEmpty": false,
          "_timeout": 500000
        }
      ],
      "passes": [],
      "failures": [],
      "pending": [],
      "skipped": [],
      "duration": 0,
      "root": true,
      "rootEmpty": true,
      "_timeout": 500000
    }
  ],
  "meta": {
    "mocha": {
      "version": "10.2.0"
    },
    "mochawesome": {
      "options": {
        "quiet": false,
        "reportFilename": "mochawesome",
        "saveHtml": true,
        "saveJson": true,
        "consoleReporter": "spec",
        "useInlineDiffs": false,
        "code": true
      },
      "version": "7.1.3"
    },
    "marge": {
      "options": null,
      "version": "6.2.0"
    }
  }
}